hellocharts-library/build/intermediates/manifest_merge_blame_file/debug/processDebugManifest/manifest-merger-blame-debug-report.txt
1<?xml version="1.0" encoding="utf-8"?>
2<manifest xmlns:android="http://schemas.android.com/apk/res/android"
3    package="lecho.lib.hellocharts"
4    android:versionCode="13"
5    android:versionName="1.5.8" >
6
7    <uses-sdk android:minSdkVersion="24" />
7-->src\main\AndroidManifest.xml:8:5-10:41
7-->src\main\AndroidManifest.xml:9:9-35
8
9</manifest>